#
# There is insufficient memory for the Java Runtime Environment to continue.
# Native memory allocation (malloc) failed to allocate 1048576 bytes for AllocateHeap
# Possible reasons:
#   The system is out of physical RAM or swap space
#   In 32 bit mode, the process size limit was hit
# Possible solutions:
#   Reduce memory load on the system
#   Increase physical memory or swap space
#   Check if swap backing store is full
#   Use 64 bit Java on a 64 bit OS
#   Decrease Java heap size (-Xmx/-Xms)
#   Decrease number of Java threads
#   Decrease Java thread stack sizes (-Xss)
#   Set larger code cache with -XX:ReservedCodeCacheSize=
# This output file may be truncated or incomplete.
#
#  Out of Memory Error (memory/allocation.inline.hpp:61), pid=1312, tid=0x0000000000000c28
#
# JRE version:  (8.0_151-b12) (build )
# Java VM: Java HotSpot(TM) 64-Bit Server VM (25.151-b12 mixed mode windows-amd64 compressed oops)
# Failed to write core dump. Minidumps are not enabled by default on client versions of Windows
#

---------------  T H R E A D  ---------------

Current thread (0x00000000048ee000):  JavaThread "Unknown thread" [_thread_in_vm, id=3112, stack(0x0000000004ae0000,0x0000000004be0000)]

Stack: [0x0000000004ae0000,0x0000000004be0000]
[error occurred during error reporting (printing stack bounds), id 0xc0000005]

Native frames: (J=compiled Java code, j=interpreted, Vv=VM code, C=native code)


---------------  P R O C E S S  ---------------

Java Threads: ( => current thread )

Other Threads:

=>0x00000000048ee000 (exited) JavaThread "Unknown thread" [_thread_in_vm, id=3112, stack(0x0000000004ae0000,0x0000000004be0000)]

VM state:not at safepoint (normal execution)

VM Mutex/Monitor currently owned by a thread: None

Heap:
 PSYoungGen      total 18944K, used 327K [0x00000000eb200000, 0x00000000ec700000, 0x0000000100000000)
  eden space 16384K, 2% used [0x00000000eb200000,0x00000000eb251ec8,0x00000000ec200000)
  from space 2560K, 0% used [0x00000000ec480000,0x00000000ec480000,0x00000000ec700000)
  to   space 2560K, 0% used [0x00000000ec200000,0x00000000ec200000,0x00000000ec480000)
 ParOldGen       total 44032K, used 0K [0x00000000c1600000, 0x00000000c4100000, 0x00000000eb200000)
  object space 44032K, 0% used [0x00000000c1600000,0x00000000c1600000,0x00000000c4100000)
 Metaspace       used 770K, capacity 4480K, committed 4480K, reserved 1056768K
  class space    used 75K, capacity 384K, committed 384K, reserved 1048576K

Card table byte_map: [0x00000000141a0000,0x00000000143a0000] byte_map_base: 0x0000000013b95000

Marking Bits: (ParMarkBitMap*) 0x0000000066bbd850
 Begin Bits: [0x00000000148f0000, 0x0000000015898000)
 End Bits:   [0x0000000015898000, 0x0000000016840000)

Polling page: 0x00000000048f0000

CodeCache: size=245760Kb used=328Kb max_used=328Kb free=245431Kb
 bounds [0x0000000004de0000, 0x0000000005050000, 0x0000000013de0000]
 total_blobs=58 nmethods=0 adapters=38
 compilation: enabled

Compilation events (0 events):
No events

GC Heap History (0 events):
No events

Deoptimization events (0 events):
No events

Internal exceptions (0 events):
No events

Events (10 events):
Event: 0.113 loading class java/lang/Short
Event: 0.113 loading class java/lang/Short done
Event: 0.113 loading class java/lang/Integer
Event: 0.113 loading class java/lang/Integer done
Event: 0.113 loading class java/lang/Long
Event: 0.113 loading class java/lang/Long done
Event: 0.115 loading class java/lang/NullPointerException
Event: 0.115 loading class java/lang/NullPointerException done
Event: 0.115 loading class java/lang/ArithmeticException
Event: 0.115 loading class java/lang/ArithmeticException done


Dynamic libraries:
0x00007ff6a5ae0000 - 0x00007ff6a5b17000 	C:\Program Files\Java\jdk1.8.0_151\bin\java.exe
0x00007ff8db2b0000 - 0x00007ff8db490000 	C:\WINDOWS\SYSTEM32\ntdll.dll
0x00007ff8db1d0000 - 0x00007ff8db27e000 	C:\WINDOWS\System32\KERNEL32.DLL
0x00007ff8d7f70000 - 0x00007ff8d81d6000 	C:\WINDOWS\System32\KERNELBASE.dll
0x00007ff8dabb0000 - 0x00007ff8dac51000 	C:\WINDOWS\System32\ADVAPI32.dll
0x00007ff8dac90000 - 0x00007ff8dad2d000 	C:\WINDOWS\System32\msvcrt.dll
0x00007ff8da9c0000 - 0x00007ff8daa1b000 	C:\WINDOWS\System32\sechost.dll
0x00007ff8db0b0000 - 0x00007ff8db1cf000 	C:\WINDOWS\System32\RPCRT4.dll
0x00007ff8daa20000 - 0x00007ff8dabaf000 	C:\WINDOWS\System32\USER32.dll
0x00007ff8d7e00000 - 0x00007ff8d7e20000 	C:\WINDOWS\System32\win32u.dll
0x00007ff8dac60000 - 0x00007ff8dac88000 	C:\WINDOWS\System32\GDI32.dll
0x00007ff8d8310000 - 0x00007ff8d84a3000 	C:\WINDOWS\System32\gdi32full.dll
0x00007ff8d7e70000 - 0x00007ff8d7f0b000 	C:\WINDOWS\System32\msvcp_win.dll
0x00007ff8d84b0000 - 0x00007ff8d85a6000 	C:\WINDOWS\System32\ucrtbase.dll
0x00007ff8c6cb0000 - 0x00007ff8c6f19000 	C:\WINDOWS\WinSxS\amd64_microsoft.windows.common-controls_6595b64144ccf1df_6.0.16299.431_none_15c7d3ee93659e73\COMCTL32.dll
0x00007ff8dada0000 - 0x00007ff8db0a8000 	C:\WINDOWS\System32\combase.dll
0x00007ff8d8290000 - 0x00007ff8d8302000 	C:\WINDOWS\System32\bcryptPrimitives.dll
0x00007ff8d8920000 - 0x00007ff8d894d000 	C:\WINDOWS\System32\IMM32.DLL
0x0000000067e60000 - 0x0000000067f32000 	C:\Program Files\Java\jdk1.8.0_151\jre\bin\msvcr100.dll
0x00000000663a0000 - 0x0000000066c3d000 	C:\Program Files\Java\jdk1.8.0_151\jre\bin\server\jvm.dll
0x00007ff8da9b0000 - 0x00007ff8da9b8000 	C:\WINDOWS\System32\PSAPI.DLL
0x00007ff8c16a0000 - 0x00007ff8c16a9000 	C:\WINDOWS\SYSTEM32\WSOCK32.dll
0x00007ff8dad30000 - 0x00007ff8dad9c000 	C:\WINDOWS\System32\WS2_32.dll
0x00007ff8d5020000 - 0x00007ff8d5043000 	C:\WINDOWS\SYSTEM32\WINMM.dll
0x00007ff8cab90000 - 0x00007ff8cab9a000 	C:\WINDOWS\SYSTEM32\VERSION.dll
0x00007ff8d4fc0000 - 0x00007ff8d4fea000 	C:\WINDOWS\SYSTEM32\WINMMBASE.dll
0x00007ff8d7e20000 - 0x00007ff8d7e6a000 	C:\WINDOWS\System32\cfgmgr32.dll
0x0000000067e50000 - 0x0000000067e5f000 	C:\Program Files\Java\jdk1.8.0_151\jre\bin\verify.dll
0x0000000067e20000 - 0x0000000067e49000 	C:\Program Files\Java\jdk1.8.0_151\jre\bin\java.dll
0x0000000067dd0000 - 0x0000000067df3000 	C:\Program Files\Java\jdk1.8.0_151\jre\bin\instrument.dll
0x0000000067db0000 - 0x0000000067dc6000 	C:\Program Files\Java\jdk1.8.0_151\jre\bin\zip.dll

VM Arguments:
jvm_args: -javaagent:C:\Program Files\JetBrains\IntelliJ IDEA 2017.3.3\lib\idea_rt.jar=54570:C:\Program Files\JetBrains\IntelliJ IDEA 2017.3.3\bin -Dfile.encoding=UTF-8 
java_command: Main
java_class_path (initial): C:\Program Files\Java\jdk1.8.0_151\jre\lib\charsets.jar;C:\Program Files\Java\jdk1.8.0_151\jre\lib\deploy.jar;C:\Program Files\Java\jdk1.8.0_151\jre\lib\ext\access-bridge-64.jar;C:\Program Files\Java\jdk1.8.0_151\jre\lib\ext\cldrdata.jar;C:\Program Files\Java\jdk1.8.0_151\jre\lib\ext\dnsns.jar;C:\Program Files\Java\jdk1.8.0_151\jre\lib\ext\jaccess.jar;C:\Program Files\Java\jdk1.8.0_151\jre\lib\ext\jfxrt.jar;C:\Program Files\Java\jdk1.8.0_151\jre\lib\ext\localedata.jar;C:\Program Files\Java\jdk1.8.0_151\jre\lib\ext\nashorn.jar;C:\Program Files\Java\jdk1.8.0_151\jre\lib\ext\sunec.jar;C:\Program Files\Java\jdk1.8.0_151\jre\lib\ext\sunjce_provider.jar;C:\Program Files\Java\jdk1.8.0_151\jre\lib\ext\sunmscapi.jar;C:\Program Files\Java\jdk1.8.0_151\jre\lib\ext\sunpkcs11.jar;C:\Program Files\Java\jdk1.8.0_151\jre\lib\ext\zipfs.jar;C:\Program Files\Java\jdk1.8.0_151\jre\lib\javaws.jar;C:\Program Files\Java\jdk1.8.0_151\jre\lib\jce.jar;C:\Program Files\Java\jdk1.8.0_151\jre\lib\jfr.jar;C:\Program Files\Java\jdk1.8.0_151\jre\lib\jfxswt.jar;C:\Program Files\Java\jdk1.8.0_151\jre\lib\jsse.jar;C:\Program Files\Java\jdk1.8.0_151\jre\lib\management-agent.jar;C:\Program Files\Java\jdk1.8.0_151\jre\lib\plugin.jar;C:\Program Files\Java\jdk1.8.0_151\jre\lib\resources.jar;C:\Program Files\Java\jdk1.8.0_151\jre\lib\rt.jar;C:\Users\duke8\Documents\GitHub\ProgrammingChallenges\Programming Challenges\CH2\stackemup\out\production\stackemup;C:\Program Files\JetBrains\IntelliJ IDEA 2017.3.3\lib\idea_rt.jar
Launcher Type: SUN_STANDARD

Environment Variables:
PATH=C:\Program Files (x86)\Razer Chroma SDK\bin;C:\Program Files\Razer Chroma SDK\bin;C:\ProgramData\Oracle\Java\javapath;C:\WINDOWS\system32;C:\WINDOWS;C:\WINDOWS\System32\Wbem;C:\WINDOWS\System32\WindowsPowerShell\v1.0\;C:\Program Files\MySQL\MySQL Utilities 1.6\;C:\Program Files\PuTTY\;C:\WINDOWS\system32\config\systemprofile\AppData\Local\Microsoft\WindowsApps;C:\Program Files (x86)\Windows Live\Shared;C:\Users\duke8\AppData\Local\Microsoft\WindowsApps;C:\php;C:\Program Files\Java\jdk1.8.0_151\bin;C:\Users\duke8\Documents\Derby\db-derby-10.14.1.0-bin\bin;
USERNAME=duke8
OS=Windows_NT
PROCESSOR_IDENTIFIER=Intel64 Family 6 Model 69 Stepping 1, GenuineIntel



---------------  S Y S T E M  ---------------

OS: Windows 10.0 , 64 bit Build 16299 (10.0.16299.431)

CPU:total 4 (initial active 4) (2 cores per cpu, 2 threads per core) family 6 model 69 stepping 1, cmov, cx8, fxsr, mmx, sse, sse2, sse3, ssse3, sse4.1, sse4.2, popcnt, avx, avx2, aes, clmul, erms, lzcnt, ht, tsc, tscinvbit, bmi1, bmi2

Memory: 4k page, physical 4097088k(856956k free), swap 8160864k(5172k free)

vm_info: Java HotSpot(TM) 64-Bit Server VM (25.151-b12) for windows-amd64 JRE (1.8.0_151-b12), built on Sep  5 2017 19:33:46 by "java_re" with MS VC++ 10.0 (VS2010)

time: Wed Sep 05 11:23:08 2018
elapsed time: 0 seconds (0d 0h 0m 0s)

